<?xml version="1.0" encoding="UTF-8"?>
<!-- Generated by org.testng.reporters.JUnitReportReporter -->
<testsuite skipped="0" hostname="Bharath-PC" name="com.airLines.testCases.TC_Login_001" tests="1" failures="0" timestamp="12 Dec 2020 14:56:26 GMT" time="27.442" errors="0">
  <testcase name="loginTest" time="27.442" classname="com.airLines.testCases.TC_Login_001"/>
</testsuite> <!-- com.airLines.testCases.TC_Login_001 -->
